{"C:\\Users\\Usuario\\Documents\\contactsApp\\App.tsx": {"path":"C:\\Users\\Usuario\\Documents\\contactsApp\\App.tsx","statementMap":{"0":{"start":{"line":19,"column":0},"end":{"line":19,"column":16}},"1":{"start":{"line":21,"column":12},"end":{"line":29,"column":1}},"2":{"start":{"line":22,"column":2},"end":{"line":28,"column":4}}},"fnMap":{"0":{"name":"(anonymous_0)","decl":{"start":{"line":21,"column":12},"end":{"line":21,"column":13}},"loc":{"start":{"line":21,"column":18},"end":{"line":29,"column":1}},"line":21}},"branchMap":{},"s":{"0":1,"1":1,"2":1},"f":{"0":1},"b":{},"_coverageSchema":"1a1c01bbd47fc00a2c39e90264f33305004495a9","hash":"31e43be57a7060c9b33809b6cd496dd93ead9a7f"}
,"C:\\Users\\Usuario\\Documents\\contactsApp\\src\\components\\TemplateScreen.tsx": {"path":"C:\\Users\\Usuario\\Documents\\contactsApp\\src\\components\\TemplateScreen.tsx","statementMap":{"0":{"start":{"line":29,"column":55},"end":{"line":65,"column":1}},"1":{"start":{"line":40,"column":2},"end":{"line":64,"column":4}},"2":{"start":{"line":69,"column":15},"end":{"line":79,"column":2}}},"fnMap":{"0":{"name":"(anonymous_0)","decl":{"start":{"line":29,"column":55},"end":{"line":29,"column":56}},"loc":{"start":{"line":39,"column":6},"end":{"line":65,"column":1}},"line":39}},"branchMap":{},"s":{"0":1,"1":1,"2":1},"f":{"0":1},"b":{},"_coverageSchema":"1a1c01bbd47fc00a2c39e90264f33305004495a9","hash":"d367d2f6ac53e3cde3fa1fcd3744ca39ad870e3b"}
,"C:\\Users\\Usuario\\Documents\\contactsApp\\src\\navigation\\AppStack.tsx": {"path":"C:\\Users\\Usuario\\Documents\\contactsApp\\src\\navigation\\AppStack.tsx","statementMap":{"0":{"start":{"line":8,"column":17},"end":{"line":16,"column":1}},"1":{"start":{"line":9,"column":14},"end":{"line":9,"column":42}},"2":{"start":{"line":10,"column":2},"end":{"line":15,"column":4}}},"fnMap":{"0":{"name":"(anonymous_0)","decl":{"start":{"line":8,"column":17},"end":{"line":8,"column":18}},"loc":{"start":{"line":8,"column":23},"end":{"line":16,"column":1}},"line":8}},"branchMap":{},"s":{"0":1,"1":1,"2":1},"f":{"0":1},"b":{},"_coverageSchema":"1a1c01bbd47fc00a2c39e90264f33305004495a9","hash":"a58906a95ff0451e574e77a0e4f10a753c7f5f3a"}
,"C:\\Users\\Usuario\\Documents\\contactsApp\\src\\redux\\contactsSlice.ts": {"path":"C:\\Users\\Usuario\\Documents\\contactsApp\\src\\redux\\contactsSlice.ts","statementMap":{"0":{"start":{"line":32,"column":36},"end":{"line":40,"column":1}},"1":{"start":{"line":42,"column":22},"end":{"line":126,"column":2}},"2":{"start":{"line":48,"column":6},"end":{"line":48,"column":37}},"3":{"start":{"line":50,"column":6},"end":{"line":50,"column":25}},"4":{"start":{"line":53,"column":23},"end":{"line":53,"column":37}},"5":{"start":{"line":57,"column":8},"end":{"line":57,"column":71}},"6":{"start":{"line":60,"column":28},"end":{"line":60,"column":57}},"7":{"start":{"line":61,"column":47},"end":{"line":63,"column":8}},"8":{"start":{"line":65,"column":6},"end":{"line":65,"column":61}},"9":{"start":{"line":68,"column":6},"end":{"line":68,"column":43}},"10":{"start":{"line":69,"column":6},"end":{"line":69,"column":40}},"11":{"start":{"line":71,"column":6},"end":{"line":77,"column":9}},"12":{"start":{"line":72,"column":8},"end":{"line":76,"column":9}},"13":{"start":{"line":73,"column":10},"end":{"line":73,"column":59}},"14":{"start":{"line":75,"column":10},"end":{"line":75,"column":56}},"15":{"start":{"line":79,"column":6},"end":{"line":79,"column":28}},"16":{"start":{"line":80,"column":6},"end":{"line":80,"column":25}},"17":{"start":{"line":84,"column":22},"end":{"line":84,"column":57}},"18":{"start":{"line":85,"column":19},"end":{"line":85,"column":31}},"19":{"start":{"line":86,"column":23},"end":{"line":86,"column":41}},"20":{"start":{"line":89,"column":24},"end":{"line":91,"column":38}},"21":{"start":{"line":94,"column":22},"end":{"line":96,"column":41}},"22":{"start":{"line":99,"column":24},"end":{"line":99,"column":57}},"23":{"start":{"line":100,"column":6},"end":{"line":102,"column":7}},"24":{"start":{"line":101,"column":8},"end":{"line":101,"column":39}},"25":{"start":{"line":105,"column":14},"end":{"line":105,"column":15}},"26":{"start":{"line":106,"column":6},"end":{"line":108,"column":7}},"27":{"start":{"line":107,"column":8},"end":{"line":107,"column":12}},"28":{"start":{"line":111,"column":6},"end":{"line":113,"column":7}},"29":{"start":{"line":112,"column":8},"end":{"line":112,"column":45}},"30":{"start":{"line":116,"column":6},"end":{"line":116,"column":47}},"31":{"start":{"line":119,"column":6},"end":{"line":119,"column":35}},"32":{"start":{"line":123,"column":6},"end":{"line":123,"column":25}},"33":{"start":{"line":135,"column":4},"end":{"line":135,"column":25}},"34":{"start":{"line":141,"column":33},"end":{"line":168,"column":1}},"35":{"start":{"line":141,"column":49},"end":{"line":168,"column":1}},"36":{"start":{"line":142,"column":2},"end":{"line":167,"column":3}},"37":{"start":{"line":143,"column":4},"end":{"line":143,"column":42}},"38":{"start":{"line":146,"column":8},"end":{"line":149,"column":5}},"39":{"start":{"line":150,"column":25},"end":{"line":150,"column":38}},"40":{"start":{"line":151,"column":4},"end":{"line":151,"column":44}},"41":{"start":{"line":153,"column":4},"end":{"line":153,"column":34}},"42":{"start":{"line":154,"column":4},"end":{"line":166,"column":6}},"43":{"start":{"line":161,"column":12},"end":{"line":161,"column":35}}},"fnMap":{"0":{"name":"(anonymous_0)","decl":{"start":{"line":46,"column":4},"end":{"line":46,"column":5}},"loc":{"start":{"line":46,"column":65},"end":{"line":51,"column":5}},"line":46},"1":{"name":"(anonymous_1)","decl":{"start":{"line":52,"column":4},"end":{"line":52,"column":5}},"loc":{"start":{"line":52,"column":61},"end":{"line":81,"column":5}},"line":52},"2":{"name":"(anonymous_2)","decl":{"start":{"line":71,"column":25},"end":{"line":71,"column":26}},"loc":{"start":{"line":71,"column":38},"end":{"line":77,"column":7}},"line":71},"3":{"name":"(anonymous_3)","decl":{"start":{"line":82,"column":4},"end":{"line":82,"column":5}},"loc":{"start":{"line":82,"column":64},"end":{"line":117,"column":5}},"line":82},"4":{"name":"(anonymous_4)","decl":{"start":{"line":118,"column":4},"end":{"line":118,"column":5}},"loc":{"start":{"line":118,"column":62},"end":{"line":120,"column":5}},"line":118},"5":{"name":"(anonymous_5)","decl":{"start":{"line":121,"column":4},"end":{"line":121,"column":5}},"loc":{"start":{"line":121,"column":22},"end":{"line":124,"column":5}},"line":121},"6":{"name":"(anonymous_6)","decl":{"start":{"line":141,"column":33},"end":{"line":141,"column":34}},"loc":{"start":{"line":141,"column":49},"end":{"line":168,"column":1}},"line":141},"7":{"name":"(anonymous_7)","decl":{"start":{"line":141,"column":49},"end":{"line":141,"column":50}},"loc":{"start":{"line":141,"column":69},"end":{"line":168,"column":1}},"line":141},"8":{"name":"(anonymous_8)","decl":{"start":{"line":160,"column":19},"end":{"line":160,"column":20}},"loc":{"start":{"line":160,"column":25},"end":{"line":162,"column":11}},"line":160}},"branchMap":{"0":{"loc":{"start":{"line":57,"column":8},"end":{"line":57,"column":71}},"type":"cond-expr","locations":[{"start":{"line":57,"column":30},"end":{"line":57,"column":66}},{"start":{"line":57,"column":69},"end":{"line":57,"column":71}}],"line":57},"1":{"loc":{"start":{"line":72,"column":8},"end":{"line":76,"column":9}},"type":"if","locations":[{"start":{"line":72,"column":8},"end":{"line":76,"column":9}},{"start":{"line":72,"column":8},"end":{"line":76,"column":9}}],"line":72},"2":{"loc":{"start":{"line":89,"column":24},"end":{"line":91,"column":38}},"type":"cond-expr","locations":[{"start":{"line":90,"column":10},"end":{"line":90,"column":41}},{"start":{"line":91,"column":10},"end":{"line":91,"column":38}}],"line":89},"3":{"loc":{"start":{"line":94,"column":22},"end":{"line":96,"column":41}},"type":"cond-expr","locations":[{"start":{"line":95,"column":10},"end":{"line":95,"column":38}},{"start":{"line":96,"column":10},"end":{"line":96,"column":41}}],"line":94},"4":{"loc":{"start":{"line":100,"column":6},"end":{"line":102,"column":7}},"type":"if","locations":[{"start":{"line":100,"column":6},"end":{"line":102,"column":7}},{"start":{"line":100,"column":6},"end":{"line":102,"column":7}}],"line":100},"5":{"loc":{"start":{"line":111,"column":6},"end":{"line":113,"column":7}},"type":"if","locations":[{"start":{"line":111,"column":6},"end":{"line":113,"column":7}},{"start":{"line":111,"column":6},"end":{"line":113,"column":7}}],"line":111}},"s":{"0":1,"1":1,"2":0,"3":0,"4":0,"5":0,"6":0,"7":0,"8":0,"9":0,"10":0,"11":0,"12":0,"13":0,"14":0,"15":0,"16":0,"17":0,"18":0,"19":0,"20":0,"21":0,"22":0,"23":0,"24":0,"25":0,"26":0,"27":0,"28":0,"29":0,"30":0,"31":0,"32":0,"33":1,"34":1,"35":0,"36":0,"37":0,"38":0,"39":0,"40":0,"41":0,"42":0,"43":0},"f":{"0":0,"1":0,"2":0,"3":0,"4":0,"5":0,"6":0,"7":0,"8":0},"b":{"0":[0,0],"1":[0,0],"2":[0,0],"3":[0,0],"4":[0,0],"5":[0,0]},"_coverageSchema":"1a1c01bbd47fc00a2c39e90264f33305004495a9","hash":"918fb3c43e3b60132ae7fe0de9ae81acfbdf1771"}
,"C:\\Users\\Usuario\\Documents\\contactsApp\\src\\redux\\rootReducer.ts": {"path":"C:\\Users\\Usuario\\Documents\\contactsApp\\src\\redux\\rootReducer.ts","statementMap":{"0":{"start":{"line":4,"column":20},"end":{"line":4,"column":34}}},"fnMap":{},"branchMap":{},"s":{"0":1},"f":{},"b":{},"_coverageSchema":"1a1c01bbd47fc00a2c39e90264f33305004495a9","hash":"fc0492ce2a57f4a8a92910d9ae7ad32e738f623f"}
,"C:\\Users\\Usuario\\Documents\\contactsApp\\src\\redux\\store.ts": {"path":"C:\\Users\\Usuario\\Documents\\contactsApp\\src\\redux\\store.ts","statementMap":{"0":{"start":{"line":9,"column":14},"end":{"line":11,"column":2}}},"fnMap":{},"branchMap":{},"s":{"0":1},"f":{},"b":{},"_coverageSchema":"1a1c01bbd47fc00a2c39e90264f33305004495a9","hash":"86e8abd63a10c9a4fdabcfccf2a57e6b2fe350e7"}
,"C:\\Users\\Usuario\\Documents\\contactsApp\\src\\screens\\ContactDetails\\ContactDetails.tsx": {"path":"C:\\Users\\Usuario\\Documents\\contactsApp\\src\\screens\\ContactDetails\\ContactDetails.tsx","statementMap":{"0":{"start":{"line":20,"column":23},"end":{"line":131,"column":1}},"1":{"start":{"line":21,"column":21},"end":{"line":21,"column":36}},"2":{"start":{"line":22,"column":19},"end":{"line":22,"column":32}},"3":{"start":{"line":24,"column":2},"end":{"line":24,"column":26}},"4":{"start":{"line":26,"column":16},"end":{"line":26,"column":75}},"5":{"start":{"line":27,"column":20},"end":{"line":27,"column":43}},"6":{"start":{"line":30,"column":28},"end":{"line":36,"column":3}},"7":{"start":{"line":31,"column":26},"end":{"line":31,"column":45}},"8":{"start":{"line":33,"column":35},"end":{"line":33,"column":54}},"9":{"start":{"line":34,"column":6},"end":{"line":34,"column":25}},"10":{"start":{"line":37,"column":22},"end":{"line":37,"column":52}},"11":{"start":{"line":41,"column":4},"end":{"line":49,"column":12}},"12":{"start":{"line":53,"column":2},"end":{"line":56,"column":3}},"13":{"start":{"line":54,"column":22},"end":{"line":54,"column":51}},"14":{"start":{"line":55,"column":4},"end":{"line":55,"column":57}},"15":{"start":{"line":59,"column":25},"end":{"line":61,"column":3}},"16":{"start":{"line":60,"column":4},"end":{"line":60,"column":24}},"17":{"start":{"line":65,"column":4},"end":{"line":70,"column":23}},"18":{"start":{"line":74,"column":26},"end":{"line":76,"column":3}},"19":{"start":{"line":75,"column":4},"end":{"line":75,"column":52}},"20":{"start":{"line":80,"column":4},"end":{"line":87,"column":23}},"21":{"start":{"line":89,"column":2},"end":{"line":130,"column":4}},"22":{"start":{"line":135,"column":15},"end":{"line":151,"column":2}}},"fnMap":{"0":{"name":"(anonymous_0)","decl":{"start":{"line":20,"column":23},"end":{"line":20,"column":24}},"loc":{"start":{"line":20,"column":29},"end":{"line":131,"column":1}},"line":20},"1":{"name":"(anonymous_1)","decl":{"start":{"line":31,"column":4},"end":{"line":31,"column":5}},"loc":{"start":{"line":31,"column":26},"end":{"line":31,"column":45}},"line":31},"2":{"name":"(anonymous_2)","decl":{"start":{"line":32,"column":4},"end":{"line":32,"column":5}},"loc":{"start":{"line":32,"column":18},"end":{"line":35,"column":5}},"line":32},"3":{"name":"(anonymous_3)","decl":{"start":{"line":59,"column":25},"end":{"line":59,"column":26}},"loc":{"start":{"line":59,"column":31},"end":{"line":61,"column":3}},"line":59},"4":{"name":"(anonymous_4)","decl":{"start":{"line":74,"column":26},"end":{"line":74,"column":27}},"loc":{"start":{"line":74,"column":32},"end":{"line":76,"column":3}},"line":74}},"branchMap":{"0":{"loc":{"start":{"line":41,"column":4},"end":{"line":49,"column":12}},"type":"cond-expr","locations":[{"start":{"line":47,"column":8},"end":{"line":48,"column":121}},{"start":{"line":49,"column":8},"end":{"line":49,"column":12}}],"line":41},"1":{"loc":{"start":{"line":41,"column":4},"end":{"line":46,"column":33}},"type":"binary-expr","locations":[{"start":{"line":41,"column":4},"end":{"line":41,"column":24}},{"start":{"line":42,"column":4},"end":{"line":42,"column":30}},{"start":{"line":43,"column":4},"end":{"line":43,"column":33}},{"start":{"line":44,"column":4},"end":{"line":44,"column":31}},{"start":{"line":45,"column":4},"end":{"line":45,"column":32}},{"start":{"line":46,"column":4},"end":{"line":46,"column":33}}],"line":41},"2":{"loc":{"start":{"line":53,"column":2},"end":{"line":56,"column":3}},"type":"if","locations":[{"start":{"line":53,"column":2},"end":{"line":56,"column":3}},{"start":{"line":53,"column":2},"end":{"line":56,"column":3}}],"line":53},"3":{"loc":{"start":{"line":85,"column":15},"end":{"line":85,"column":53}},"type":"cond-expr","locations":[{"start":{"line":85,"column":41},"end":{"line":85,"column":45}},{"start":{"line":85,"column":48},"end":{"line":85,"column":53}}],"line":85},"4":{"loc":{"start":{"line":100,"column":9},"end":{"line":106,"column":9}},"type":"binary-expr","locations":[{"start":{"line":100,"column":9},"end":{"line":100,"column":35}},{"start":{"line":101,"column":10},"end":{"line":105,"column":12}}],"line":100},"5":{"loc":{"start":{"line":107,"column":9},"end":{"line":113,"column":9}},"type":"binary-expr","locations":[{"start":{"line":107,"column":9},"end":{"line":107,"column":37}},{"start":{"line":108,"column":10},"end":{"line":112,"column":12}}],"line":107},"6":{"loc":{"start":{"line":114,"column":9},"end":{"line":120,"column":9}},"type":"binary-expr","locations":[{"start":{"line":114,"column":9},"end":{"line":114,"column":35}},{"start":{"line":115,"column":10},"end":{"line":119,"column":12}}],"line":114},"7":{"loc":{"start":{"line":121,"column":9},"end":{"line":121,"column":64}},"type":"binary-expr","locations":[{"start":{"line":121,"column":9},"end":{"line":121,"column":18}},{"start":{"line":121,"column":22},"end":{"line":121,"column":64}}],"line":121},"8":{"loc":{"start":{"line":122,"column":9},"end":{"line":124,"column":9}},"type":"binary-expr","locations":[{"start":{"line":122,"column":9},"end":{"line":122,"column":28}},{"start":{"line":123,"column":10},"end":{"line":123,"column":64}}],"line":122},"9":{"loc":{"start":{"line":125,"column":9},"end":{"line":127,"column":9}},"type":"binary-expr","locations":[{"start":{"line":125,"column":9},"end":{"line":125,"column":36}},{"start":{"line":126,"column":10},"end":{"line":126,"column":67}}],"line":125}},"s":{"0":1,"1":0,"2":0,"3":0,"4":0,"5":0,"6":0,"7":0,"8":0,"9":0,"10":0,"11":0,"12":0,"13":0,"14":0,"15":0,"16":0,"17":0,"18":0,"19":0,"20":0,"21":0,"22":1},"f":{"0":0,"1":0,"2":0,"3":0,"4":0},"b":{"0":[0,0],"1":[0,0,0,0,0,0],"2":[0,0],"3":[0,0],"4":[0,0],"5":[0,0],"6":[0,0],"7":[0,0],"8":[0,0],"9":[0,0]},"_coverageSchema":"1a1c01bbd47fc00a2c39e90264f33305004495a9","hash":"6b2d9fa4343f629c9b0bcbf280bd82153517b2a3"}
,"C:\\Users\\Usuario\\Documents\\contactsApp\\src\\screens\\ContactDetails\\components\\ContactHeader.tsx": {"path":"C:\\Users\\Usuario\\Documents\\contactsApp\\src\\screens\\ContactDetails\\components\\ContactHeader.tsx","statementMap":{"0":{"start":{"line":21,"column":29},"end":{"line":42,"column":1}},"1":{"start":{"line":22,"column":16},"end":{"line":22,"column":53}},"2":{"start":{"line":24,"column":2},"end":{"line":41,"column":4}},"3":{"start":{"line":44,"column":37},"end":{"line":44,"column":62}},"4":{"start":{"line":48,"column":15},"end":{"line":72,"column":2}}},"fnMap":{"0":{"name":"(anonymous_0)","decl":{"start":{"line":21,"column":29},"end":{"line":21,"column":30}},"loc":{"start":{"line":21,"column":66},"end":{"line":42,"column":1}},"line":21}},"branchMap":{"0":{"loc":{"start":{"line":26,"column":7},"end":{"line":37,"column":7}},"type":"cond-expr","locations":[{"start":{"line":27,"column":8},"end":{"line":27,"column":76}},{"start":{"line":29,"column":8},"end":{"line":36,"column":15}}],"line":26},"1":{"loc":{"start":{"line":39,"column":7},"end":{"line":39,"column":65}},"type":"binary-expr","locations":[{"start":{"line":39,"column":7},"end":{"line":39,"column":16}},{"start":{"line":39,"column":20},"end":{"line":39,"column":65}}],"line":39}},"s":{"0":2,"1":1,"2":1,"3":2,"4":2},"f":{"0":1},"b":{"0":[1,0],"1":[1,1]},"_coverageSchema":"1a1c01bbd47fc00a2c39e90264f33305004495a9","hash":"0d10345a31f7d8a4bcf66d65d538a46252feae2a"}
,"C:\\Users\\Usuario\\Documents\\contactsApp\\src\\screens\\ContactDetails\\components\\DataRow.tsx": {"path":"C:\\Users\\Usuario\\Documents\\contactsApp\\src\\screens\\ContactDetails\\components\\DataRow.tsx","statementMap":{"0":{"start":{"line":20,"column":23},"end":{"line":30,"column":1}},"1":{"start":{"line":21,"column":2},"end":{"line":29,"column":4}},"2":{"start":{"line":32,"column":24},"end":{"line":32,"column":43}},"3":{"start":{"line":36,"column":15},"end":{"line":50,"column":2}}},"fnMap":{"0":{"name":"(anonymous_0)","decl":{"start":{"line":20,"column":23},"end":{"line":20,"column":24}},"loc":{"start":{"line":20,"column":62},"end":{"line":30,"column":1}},"line":20}},"branchMap":{"0":{"loc":{"start":{"line":26,"column":9},"end":{"line":26,"column":71}},"type":"binary-expr","locations":[{"start":{"line":26,"column":9},"end":{"line":26,"column":18}},{"start":{"line":26,"column":22},"end":{"line":26,"column":71}}],"line":26}},"s":{"0":2,"1":1,"2":2,"3":2},"f":{"0":1},"b":{"0":[1,0]},"_coverageSchema":"1a1c01bbd47fc00a2c39e90264f33305004495a9","hash":"43ccb438d7bb04c51da4f37e9e7c75697afcd9cd"}
,"C:\\Users\\Usuario\\Documents\\contactsApp\\src\\screens\\Contacts\\Contacts.tsx": {"path":"C:\\Users\\Usuario\\Documents\\contactsApp\\src\\screens\\Contacts\\Contacts.tsx","statementMap":{"0":{"start":{"line":14,"column":17},"end":{"line":64,"column":1}},"1":{"start":{"line":15,"column":19},"end":{"line":15,"column":32}},"2":{"start":{"line":18,"column":2},"end":{"line":20,"column":9}},"3":{"start":{"line":19,"column":4},"end":{"line":19,"column":34}},"4":{"start":{"line":23,"column":33},"end":{"line":26,"column":3}},"5":{"start":{"line":24,"column":26},"end":{"line":24,"column":40}},"6":{"start":{"line":25,"column":18},"end":{"line":25,"column":43}},"7":{"start":{"line":27,"column":27},"end":{"line":27,"column":62}},"8":{"start":{"line":30,"column":30},"end":{"line":33,"column":3}},"9":{"start":{"line":31,"column":26},"end":{"line":31,"column":40}},"10":{"start":{"line":32,"column":18},"end":{"line":32,"column":40}},"11":{"start":{"line":34,"column":24},"end":{"line":34,"column":56}},"12":{"start":{"line":37,"column":23},"end":{"line":37,"column":41}},"13":{"start":{"line":37,"column":39},"end":{"line":37,"column":41}},"14":{"start":{"line":39,"column":22},"end":{"line":41,"column":3}},"15":{"start":{"line":40,"column":4},"end":{"line":40,"column":39}},"16":{"start":{"line":43,"column":31},"end":{"line":45,"column":3}},"17":{"start":{"line":44,"column":4},"end":{"line":44,"column":47}},"18":{"start":{"line":48,"column":26},"end":{"line":48,"column":73}},"19":{"start":{"line":50,"column":2},"end":{"line":63,"column":4}},"20":{"start":{"line":68,"column":15},"end":{"line":78,"column":2}}},"fnMap":{"0":{"name":"(anonymous_0)","decl":{"start":{"line":14,"column":17},"end":{"line":14,"column":18}},"loc":{"start":{"line":14,"column":23},"end":{"line":64,"column":1}},"line":14},"1":{"name":"(anonymous_1)","decl":{"start":{"line":18,"column":12},"end":{"line":18,"column":13}},"loc":{"start":{"line":18,"column":18},"end":{"line":20,"column":3}},"line":18},"2":{"name":"(anonymous_2)","decl":{"start":{"line":24,"column":4},"end":{"line":24,"column":5}},"loc":{"start":{"line":24,"column":26},"end":{"line":24,"column":40}},"line":24},"3":{"name":"(anonymous_3)","decl":{"start":{"line":25,"column":4},"end":{"line":25,"column":5}},"loc":{"start":{"line":25,"column":18},"end":{"line":25,"column":43}},"line":25},"4":{"name":"(anonymous_4)","decl":{"start":{"line":31,"column":4},"end":{"line":31,"column":5}},"loc":{"start":{"line":31,"column":26},"end":{"line":31,"column":40}},"line":31},"5":{"name":"(anonymous_5)","decl":{"start":{"line":32,"column":4},"end":{"line":32,"column":5}},"loc":{"start":{"line":32,"column":18},"end":{"line":32,"column":40}},"line":32},"6":{"name":"(anonymous_6)","decl":{"start":{"line":37,"column":23},"end":{"line":37,"column":24}},"loc":{"start":{"line":37,"column":39},"end":{"line":37,"column":41}},"line":37},"7":{"name":"(anonymous_7)","decl":{"start":{"line":39,"column":22},"end":{"line":39,"column":23}},"loc":{"start":{"line":40,"column":4},"end":{"line":40,"column":39}},"line":40},"8":{"name":"(anonymous_8)","decl":{"start":{"line":43,"column":31},"end":{"line":43,"column":32}},"loc":{"start":{"line":44,"column":4},"end":{"line":44,"column":47}},"line":44}},"branchMap":{},"s":{"0":1,"1":1,"2":1,"3":0,"4":1,"5":1,"6":1,"7":1,"8":1,"9":1,"10":1,"11":1,"12":1,"13":0,"14":1,"15":0,"16":1,"17":2,"18":1,"19":1,"20":1},"f":{"0":1,"1":0,"2":1,"3":1,"4":1,"5":1,"6":0,"7":0,"8":2},"b":{},"_coverageSchema":"1a1c01bbd47fc00a2c39e90264f33305004495a9","hash":"f3bb4f0629c731c2183dd6983181d4714675da89"}
,"C:\\Users\\Usuario\\Documents\\contactsApp\\src\\screens\\Contacts\\components\\ContactSnippet.tsx": {"path":"C:\\Users\\Usuario\\Documents\\contactsApp\\src\\screens\\Contacts\\components\\ContactSnippet.tsx","statementMap":{"0":{"start":{"line":28,"column":30},"end":{"line":98,"column":1}},"1":{"start":{"line":29,"column":16},"end":{"line":29,"column":53}},"2":{"start":{"line":30,"column":21},"end":{"line":30,"column":36}},"3":{"start":{"line":33,"column":28},"end":{"line":45,"column":3}},"4":{"start":{"line":34,"column":26},"end":{"line":34,"column":45}},"5":{"start":{"line":36,"column":26},"end":{"line":36,"column":45}},"6":{"start":{"line":38,"column":6},"end":{"line":43,"column":8}},"7":{"start":{"line":46,"column":59},"end":{"line":49,"column":3}},"8":{"start":{"line":52,"column":26},"end":{"line":54,"column":3}},"9":{"start":{"line":53,"column":4},"end":{"line":53,"column":57}},"10":{"start":{"line":56,"column":2},"end":{"line":97,"column":4}},"11":{"start":{"line":100,"column":31},"end":{"line":100,"column":57}},"12":{"start":{"line":104,"column":15},"end":{"line":138,"column":2}}},"fnMap":{"0":{"name":"(anonymous_0)","decl":{"start":{"line":28,"column":30},"end":{"line":28,"column":31}},"loc":{"start":{"line":28,"column":56},"end":{"line":98,"column":1}},"line":28},"1":{"name":"(anonymous_1)","decl":{"start":{"line":34,"column":4},"end":{"line":34,"column":5}},"loc":{"start":{"line":34,"column":26},"end":{"line":34,"column":45}},"line":34},"2":{"name":"(anonymous_2)","decl":{"start":{"line":35,"column":4},"end":{"line":35,"column":5}},"loc":{"start":{"line":35,"column":18},"end":{"line":44,"column":5}},"line":35},"3":{"name":"(anonymous_3)","decl":{"start":{"line":52,"column":26},"end":{"line":52,"column":27}},"loc":{"start":{"line":52,"column":32},"end":{"line":54,"column":3}},"line":52}},"branchMap":{"0":{"loc":{"start":{"line":59,"column":9},"end":{"line":73,"column":9}},"type":"cond-expr","locations":[{"start":{"line":60,"column":10},"end":{"line":63,"column":12}},{"start":{"line":65,"column":10},"end":{"line":72,"column":17}}],"line":59},"1":{"loc":{"start":{"line":80,"column":11},"end":{"line":87,"column":11}},"type":"binary-expr","locations":[{"start":{"line":80,"column":11},"end":{"line":80,"column":21}},{"start":{"line":81,"column":12},"end":{"line":86,"column":14}}],"line":80},"2":{"loc":{"start":{"line":91,"column":11},"end":{"line":93,"column":18}},"type":"cond-expr","locations":[{"start":{"line":92,"column":12},"end":{"line":92,"column":65}},{"start":{"line":93,"column":14},"end":{"line":93,"column":18}}],"line":91},"3":{"loc":{"start":{"line":91,"column":11},"end":{"line":91,"column":44}},"type":"binary-expr","locations":[{"start":{"line":91,"column":11},"end":{"line":91,"column":22}},{"start":{"line":91,"column":26},"end":{"line":91,"column":44}}],"line":91}},"s":{"0":1,"1":0,"2":0,"3":0,"4":0,"5":0,"6":0,"7":0,"8":0,"9":0,"10":0,"11":1,"12":1},"f":{"0":0,"1":0,"2":0,"3":0},"b":{"0":[0,0],"1":[0,0],"2":[0,0],"3":[0,0]},"_coverageSchema":"1a1c01bbd47fc00a2c39e90264f33305004495a9","hash":"239b7b1516ce15131d523f35e019136f037c30ff"}
,"C:\\Users\\Usuario\\Documents\\contactsApp\\src\\styles\\colors.ts": {"path":"C:\\Users\\Usuario\\Documents\\contactsApp\\src\\styles\\colors.ts","statementMap":{"0":{"start":{"line":3,"column":15},"end":{"line":9,"column":1}}},"fnMap":{},"branchMap":{},"s":{"0":3},"f":{},"b":{},"_coverageSchema":"1a1c01bbd47fc00a2c39e90264f33305004495a9","hash":"a1f4f87218896a232615c55170ae5f788ad1641c"}
}
